This is pdfTeX, Version 3.14159265-2.6-1.40.18 (TeX Live 2017/Debian) (preloaded format=pdflatex 2019.12.17)  14 MAY 2020 01:07
entering extended mode
 restricted \write18 enabled.
 %&-line parsing enabled.
**"Apache Docker.tex"
(./Apache Docker.tex
LaTeX2e <2017-04-15>
Babel <3.18> and hyphenation patterns for 84 language(s) loaded.
(/usr/share/texlive/texmf-dist/tex/latex/base/article.cls
Document Class: article 2014/09/29 v1.4h Standard LaTeX document class
(/usr/share/texlive/texmf-dist/tex/latex/base/size10.clo
File: size10.clo 2014/09/29 v1.4h Standard LaTeX file (size option)
)
\c@part=\count79
\c@section=\count80
\c@subsection=\count81
\c@subsubsection=\count82
\c@paragraph=\count83
\c@subparagraph=\count84
\c@figure=\count85
\c@table=\count86
\abovecaptionskip=\skip41
\belowcaptionskip=\skip42
\bibindent=\dimen102
)
(/usr/share/texlive/texmf-dist/tex/generic/babel/babel.sty
Package: babel 2018/02/14 3.18 The Babel package

(/usr/share/texlive/texmf-dist/tex/generic/babel/switch.def
File: switch.def 2018/02/14 3.18 Babel switching mechanism
)
(/usr/share/texlive/texmf-dist/tex/generic/babel-spanish/spanish.ldf
Language: spanish.ldf 2016/03/03 v5.0p Spanish support from the babel system

(/usr/share/texlive/texmf-dist/tex/generic/babel/babel.def
File: babel.def 2018/02/14 3.18 Babel common definitions
\babel@savecnt=\count87
\U@D=\dimen103

(/usr/share/texlive/texmf-dist/tex/generic/babel/txtbabel.def)
\bbl@dirlevel=\count88
)
\es@quottoks=\toks14
\es@quotdepth=\count89
Package babel Info: Making " an active character on input line 561.
Package babel Info: Making . an active character on input line 662.
Package babel Info: Making < an active character on input line 707.
Package babel Info: Making > an active character on input line 707.
))
(/usr/share/texlive/texmf-dist/tex/latex/base/inputenc.sty
Package: inputenc 2015/03/17 v1.2c Input encoding file
\inpenc@prehook=\toks15
\inpenc@posthook=\toks16

(/usr/share/texlive/texmf-dist/tex/latex/base/latin1.def
File: latin1.def 2015/03/17 v1.2c Input encoding file
))
(/usr/share/texlive/texmf-dist/tex/latex/hyperref/hyperref.sty
Package: hyperref 2018/02/06 v6.86b Hypertext links for LaTeX

(/usr/share/texlive/texmf-dist/tex/generic/oberdiek/hobsub-hyperref.sty
Package: hobsub-hyperref 2016/05/16 v1.14 Bundle oberdiek, subset hyperref (HO)


(/usr/share/texlive/texmf-dist/tex/generic/oberdiek/hobsub-generic.sty
Package: hobsub-generic 2016/05/16 v1.14 Bundle oberdiek, subset generic (HO)
Package: hobsub 2016/05/16 v1.14 Construct package bundles (HO)
Package: infwarerr 2016/05/16 v1.4 Providing info/warning/error messages (HO)
Package: ltxcmds 2016/05/16 v1.23 LaTeX kernel commands for general use (HO)
Package: ifluatex 2016/05/16 v1.4 Provides the ifluatex switch (HO)
Package ifluatex Info: LuaTeX not detected.
Package: ifvtex 2016/05/16 v1.6 Detect VTeX and its facilities (HO)
Package ifvtex Info: VTeX not detected.
Package: intcalc 2016/05/16 v1.2 Expandable calculations with integers (HO)
Package: ifpdf 2017/03/15 v3.2 Provides the ifpdf switch
Package: etexcmds 2016/05/16 v1.6 Avoid name clashes with e-TeX commands (HO)
Package etexcmds Info: Could not find \expanded.
(etexcmds)             That can mean that you are not using pdfTeX 1.50 or
(etexcmds)             that some package has redefined \expanded.
(etexcmds)             In the latter case, load this package earlier.
Package: kvsetkeys 2016/05/16 v1.17 Key value parser (HO)
Package: kvdefinekeys 2016/05/16 v1.4 Define keys (HO)
Package: pdftexcmds 2018/01/21 v0.26 Utility functions of pdfTeX for LuaTeX (HO
)
Package pdftexcmds Info: LuaTeX not detected.
Package pdftexcmds Info: \pdf@primitive is available.
Package pdftexcmds Info: \pdf@ifprimitive is available.
Package pdftexcmds Info: \pdfdraftmode found.
Package: pdfescape 2016/05/16 v1.14 Implements pdfTeX's escape features (HO)
Package: bigintcalc 2016/05/16 v1.4 Expandable calculations on big integers (HO
)
Package: bitset 2016/05/16 v1.2 Handle bit-vector datatype (HO)
Package: uniquecounter 2016/05/16 v1.3 Provide unlimited unique counter (HO)
)
Package hobsub Info: Skipping package `hobsub' (already loaded).
Package: letltxmacro 2016/05/16 v1.5 Let assignment for LaTeX macros (HO)
Package: hopatch 2016/05/16 v1.3 Wrapper for package hooks (HO)
Package: xcolor-patch 2016/05/16 xcolor patch
Package: atveryend 2016/05/16 v1.9 Hooks at the very end of document (HO)
Package atveryend Info: \enddocument detected (standard20110627).
Package: atbegshi 2016/06/09 v1.18 At begin shipout hook (HO)
Package: refcount 2016/05/16 v3.5 Data extraction from label references (HO)
Package: hycolor 2016/05/16 v1.8 Color options for hyperref/bookmark (HO)
)
(/usr/share/texlive/texmf-dist/tex/latex/graphics/keyval.sty
Package: keyval 2014/10/28 v1.15 key=value parser (DPC)
\KV@toks@=\toks17
)
(/usr/share/texlive/texmf-dist/tex/generic/ifxetex/ifxetex.sty
Package: ifxetex 2010/09/12 v0.6 Provides ifxetex conditional
)
(/usr/share/texlive/texmf-dist/tex/latex/oberdiek/auxhook.sty
Package: auxhook 2016/05/16 v1.4 Hooks for auxiliary files (HO)
)
(/usr/share/texlive/texmf-dist/tex/latex/oberdiek/kvoptions.sty
Package: kvoptions 2016/05/16 v3.12 Key value format for package options (HO)
)
\@linkdim=\dimen104
\Hy@linkcounter=\count90
\Hy@pagecounter=\count91

(/usr/share/texlive/texmf-dist/tex/latex/hyperref/pd1enc.def
File: pd1enc.def 2018/02/06 v6.86b Hyperref: PDFDocEncoding definition (HO)
)
\Hy@SavedSpaceFactor=\count92

(/usr/share/texlive/texmf-dist/tex/latex/latexconfig/hyperref.cfg
File: hyperref.cfg 2002/06/06 v1.2 hyperref configuration of TeXLive
)
Package hyperref Info: Hyper figures OFF on input line 4509.
Package hyperref Info: Link nesting OFF on input line 4514.
Package hyperref Info: Hyper index ON on input line 4517.
Package hyperref Info: Plain pages OFF on input line 4524.
Package hyperref Info: Backreferencing OFF on input line 4529.
Package hyperref Info: Implicit mode ON; LaTeX internals redefined.
Package hyperref Info: Bookmarks ON on input line 4762.
\c@Hy@tempcnt=\count93

(/usr/share/texlive/texmf-dist/tex/latex/url/url.sty
\Urlmuskip=\muskip10
Package: url 2013/09/16  ver 3.4  Verb mode for urls, etc.
)
LaTeX Info: Redefining \url on input line 5115.
\XeTeXLinkMargin=\dimen105
\Fld@menulength=\count94
\Field@Width=\dimen106
\Fld@charsize=\dimen107
Package hyperref Info: Hyper figures OFF on input line 6369.
Package hyperref Info: Link nesting OFF on input line 6374.
Package hyperref Info: Hyper index ON on input line 6377.
Package hyperref Info: backreferencing OFF on input line 6384.
Package hyperref Info: Link coloring OFF on input line 6389.
Package hyperref Info: Link coloring with OCG OFF on input line 6394.
Package hyperref Info: PDF/A mode OFF on input line 6399.
LaTeX Info: Redefining \ref on input line 6439.
LaTeX Info: Redefining \pageref on input line 6443.
\Hy@abspage=\count95
\c@Item=\count96
\c@Hfootnote=\count97
)
Package hyperref Info: Driver (autodetected): hpdftex.

(/usr/share/texlive/texmf-dist/tex/latex/hyperref/hpdftex.def
File: hpdftex.def 2018/02/06 v6.86b Hyperref driver for pdfTeX
\Fld@listcount=\count98
\c@bookmark@seq@number=\count99

(/usr/share/texlive/texmf-dist/tex/latex/oberdiek/rerunfilecheck.sty
Package: rerunfilecheck 2016/05/16 v1.8 Rerun checks for auxiliary files (HO)
Package uniquecounter Info: New unique counter `rerunfilecheck' on input line 2
82.
)
\Hy@SectionHShift=\skip43
)
(/usr/share/texlive/texmf-dist/tex/latex/graphics/graphicx.sty
Package: graphicx 2017/06/01 v1.1a Enhanced LaTeX Graphics (DPC,SPQR)

(/usr/share/texlive/texmf-dist/tex/latex/graphics/graphics.sty
Package: graphics 2017/06/25 v1.2c Standard LaTeX Graphics (DPC,SPQR)

(/usr/share/texlive/texmf-dist/tex/latex/graphics/trig.sty
Package: trig 2016/01/03 v1.10 sin cos tan (DPC)
)
(/usr/share/texlive/texmf-dist/tex/latex/graphics-cfg/graphics.cfg
File: graphics.cfg 2016/06/04 v1.11 sample graphics configuration
)
Package graphics Info: Driver file: pdftex.def on input line 99.

(/usr/share/texlive/texmf-dist/tex/latex/graphics-def/pdftex.def
File: pdftex.def 2018/01/08 v1.0l Graphics/color driver for pdftex
))
\Gin@req@height=\dimen108
\Gin@req@width=\dimen109
)
(/usr/share/texlive/texmf-dist/tex/latex/adjustbox/adjustbox.sty
Package: adjustbox 2012/05/21 v1.0 Adjusting TeX boxes (trim, clip, ...)

(/usr/share/texlive/texmf-dist/tex/latex/xkeyval/xkeyval.sty
Package: xkeyval 2014/12/03 v2.7a package option processing (HA)

(/usr/share/texlive/texmf-dist/tex/generic/xkeyval/xkeyval.tex
(/usr/share/texlive/texmf-dist/tex/generic/xkeyval/xkvutils.tex
\XKV@toks=\toks18
\XKV@tempa@toks=\toks19
)
\XKV@depth=\count100
File: xkeyval.tex 2014/12/03 v2.7a key=value parser (HA)
))
(/usr/share/texlive/texmf-dist/tex/latex/adjustbox/adjcalc.sty
Package: adjcalc 2012/05/16 v1.1 Provides advanced setlength with multiple back
-ends (calc, etex, pgfmath)
)
(/usr/share/texlive/texmf-dist/tex/latex/adjustbox/trimclip.sty
Package: trimclip 2012/05/16 v1.0 Trim and clip general TeX material

(/usr/share/texlive/texmf-dist/tex/latex/collectbox/collectbox.sty
Package: collectbox 2012/05/17 v0.4b Collect macro arguments as boxes
\collectedbox=\box26
)
\tc@llx=\dimen110
\tc@lly=\dimen111
\tc@urx=\dimen112
\tc@ury=\dimen113
Package trimclip Info: Using driver 'tc-pdftex.def'.

(/usr/share/texlive/texmf-dist/tex/latex/adjustbox/tc-pdftex.def
File: tc-pdftex.def 2012/05/13 v1.0 Clipping driver for pdftex
))
\adjbox@Width=\dimen114
\adjbox@Height=\dimen115
\adjbox@Depth=\dimen116
\adjbox@Totalheight=\dimen117

(/usr/share/texlive/texmf-dist/tex/latex/ifoddpage/ifoddpage.sty
Package: ifoddpage 2016/04/23 v1.1 Conditionals for odd/even page detection
\c@checkoddpage=\count101
)
(/usr/share/texlive/texmf-dist/tex/latex/varwidth/varwidth.sty
Package: varwidth 2009/03/30 ver 0.92;  Variable-width minipages
\@vwid@box=\box27
\sift@deathcycles=\count102
\@vwid@loff=\dimen118
\@vwid@roff=\dimen119
))
(./Apache Docker.aux
LaTeX Info: Redefining \. on input line 24.
LaTeX Info: Redefining \% on input line 24.
)
\openout1 = `"Apache Docker.aux"'.

LaTeX Font Info:    Checking defaults for OML/cmm/m/it on input line 10.
LaTeX Font Info:    ... okay on input line 10.
LaTeX Font Info:    Checking defaults for T1/cmr/m/n on input line 10.
LaTeX Font Info:    ... okay on input line 10.
LaTeX Font Info:    Checking defaults for OT1/cmr/m/n on input line 10.
LaTeX Font Info:    ... okay on input line 10.
LaTeX Font Info:    Checking defaults for OMS/cmsy/m/n on input line 10.
LaTeX Font Info:    ... okay on input line 10.
LaTeX Font Info:    Checking defaults for OMX/cmex/m/n on input line 10.
LaTeX Font Info:    ... okay on input line 10.
LaTeX Font Info:    Checking defaults for U/cmr/m/n on input line 10.
LaTeX Font Info:    ... okay on input line 10.
LaTeX Font Info:    Checking defaults for PD1/pdf/m/n on input line 10.
LaTeX Font Info:    ... okay on input line 10.
LaTeX Info: Redefining \. on input line 10.
LaTeX Info: Redefining \% on input line 10.
\AtBeginShipoutBox=\box28
Package hyperref Info: Link coloring OFF on input line 10.

(/usr/share/texlive/texmf-dist/tex/latex/hyperref/nameref.sty
Package: nameref 2016/05/21 v2.44 Cross-referencing by name of section

(/usr/share/texlive/texmf-dist/tex/generic/oberdiek/gettitlestring.sty
Package: gettitlestring 2016/05/16 v1.5 Cleanup title references (HO)
)
\c@section@level=\count103
)
LaTeX Info: Redefining \ref on input line 10.
LaTeX Info: Redefining \pageref on input line 10.
LaTeX Info: Redefining \nameref on input line 10.

(./Apache Docker.out) (./Apache Docker.out)
\@outlinefile=\write3
\openout3 = `"Apache Docker.out"'.


(/usr/share/texlive/texmf-dist/tex/context/base/mkii/supp-pdf.mkii
[Loading MPS to PDF converter (version 2006.09.02).]
\scratchcounter=\count104
\scratchdimen=\dimen120
\scratchbox=\box29
\nofMPsegments=\count105
\nofMParguments=\count106
\everyMPshowfont=\toks20
\MPscratchCnt=\count107
\MPscratchDim=\dimen121
\MPnumerator=\count108
\makeMPintoPDFobject=\count109
\everyMPtoPDFconversion=\toks21
) (/usr/share/texlive/texmf-dist/tex/latex/oberdiek/epstopdf-base.sty
Package: epstopdf-base 2016/05/15 v2.6 Base part for package epstopdf

(/usr/share/texlive/texmf-dist/tex/latex/oberdiek/grfext.sty
Package: grfext 2016/05/16 v1.2 Manage graphics extensions (HO)
)
Package epstopdf-base Info: Redefining graphics rule for `.eps' on input line 4
38.
Package grfext Info: Graphics extension search list:
(grfext)             [.pdf,.png,.jpg,.mps,.jpeg,.jbig2,.jb2,.PDF,.PNG,.JPG,.JPE
G,.JBIG2,.JB2,.eps]
(grfext)             \AppendGraphicsExtensions on input line 456.

(/usr/share/texlive/texmf-dist/tex/latex/latexconfig/epstopdf-sys.cfg
File: epstopdf-sys.cfg 2010/07/13 v1.3 Configuration of (r)epstopdf for TeX Liv
e
))
LaTeX Font Info:    External font `cmex10' loaded for size
(Font)              <12> on input line 16.
LaTeX Font Info:    External font `cmex10' loaded for size
(Font)              <8> on input line 16.
LaTeX Font Info:    External font `cmex10' loaded for size
(Font)              <6> on input line 16.
Package babel Info: Redefining spanish shorthand <<
(babel)             in language  on input line 17.
Package babel Info: Redefining spanish shorthand >>
(babel)             in language  on input line 17.
Package babel Info: Redefining spanish shorthand "=
(babel)             in language  on input line 17.
Package babel Info: Redefining spanish shorthand "~
(babel)             in language  on input line 17.
Package babel Info: Redefining spanish shorthand "!
(babel)             in language  on input line 17.
Package babel Info: Redefining spanish shorthand "?
(babel)             in language  on input line 17.

Underfull \hbox (badness 10000) in paragraph at lines 19--20

 []


Underfull \hbox (badness 10000) in paragraph at lines 19--20

 []


Underfull \hbox (badness 10000) in paragraph at lines 21--22

 []


Underfull \hbox (badness 10000) in paragraph at lines 21--22

 []


Underfull \hbox (badness 10000) in paragraph at lines 23--24

 []


Underfull \hbox (badness 10000) in paragraph at lines 23--24

 []


Underfull \hbox (badness 10000) in paragraph at lines 25--26

 []


Underfull \hbox (badness 10000) in paragraph at lines 25--26

 []

Package babel Info: Redefining spanish shorthand <<
(babel)             in language  on input line 27.
Package babel Info: Redefining spanish shorthand >>
(babel)             in language  on input line 27.
Package babel Info: Redefining spanish shorthand "=
(babel)             in language  on input line 27.
Package babel Info: Redefining spanish shorthand "~
(babel)             in language  on input line 27.
Package babel Info: Redefining spanish shorthand "!
(babel)             in language  on input line 27.
Package babel Info: Redefining spanish shorthand "?
(babel)             in language  on input line 27.
Package babel Info: Redefining spanish shorthand <<
(babel)             in language  on input line 27.
Package babel Info: Redefining spanish shorthand >>
(babel)             in language  on input line 27.
Package babel Info: Redefining spanish shorthand "=
(babel)             in language  on input line 27.
Package babel Info: Redefining spanish shorthand "~
(babel)             in language  on input line 27.
Package babel Info: Redefining spanish shorthand "!
(babel)             in language  on input line 27.
Package babel Info: Redefining spanish shorthand "?
(babel)             in language  on input line 27.
[1

{/var/lib/texmf/fonts/map/pdftex/updmap/pdftex.map}]
Package babel Info: Redefining spanish shorthand <<
(babel)             in language  on input line 28.
Package babel Info: Redefining spanish shorthand >>
(babel)             in language  on input line 28.
Package babel Info: Redefining spanish shorthand "=
(babel)             in language  on input line 28.
Package babel Info: Redefining spanish shorthand "~
(babel)             in language  on input line 28.
Package babel Info: Redefining spanish shorthand "!
(babel)             in language  on input line 28.
Package babel Info: Redefining spanish shorthand "?
(babel)             in language  on input line 28.
LaTeX Font Info:    External font `cmex10' loaded for size
(Font)              <7> on input line 31.
LaTeX Font Info:    External font `cmex10' loaded for size
(Font)              <5> on input line 31.

Underfull \hbox (badness 10000) in paragraph at lines 31--32

 []

</home/jsebastian-ar/Documentos/Latex_images/Apache2/idocker1.png, id=42, 1303.
87125pt x 450.68375pt>
File: /home/jsebastian-ar/Documentos/Latex_images/Apache2/idocker1.png Graphic 
file (type png)
<use /home/jsebastian-ar/Documentos/Latex_images/Apache2/idocker1.png>
Package pdftex.def Info: /home/jsebastian-ar/Documentos/Latex_images/Apache2/id
ocker1.png  used on input line 34.
(pdftex.def)             Requested size: 414.00436pt x 199.16794pt.

Overfull \hbox (69.00436pt too wide) in paragraph at lines 34--36
 [][] 
 []


Underfull \hbox (badness 10000) in paragraph at lines 38--39

 []

</home/jsebastian-ar/Documentos/Latex_images/Apache2/idocker2.png, id=43, 252.9
45pt x 569.12625pt>
File: /home/jsebastian-ar/Documentos/Latex_images/Apache2/idocker2.png Graphic 
file (type png)
<use /home/jsebastian-ar/Documentos/Latex_images/Apache2/idocker2.png>
Package pdftex.def Info: /home/jsebastian-ar/Documentos/Latex_images/Apache2/id
ocker2.png  used on input line 41.
(pdftex.def)             Requested size: 138.00089pt x 199.17111pt.

Underfull \hbox (badness 10000) in paragraph at lines 45--46

 []

Package babel Info: Redefining spanish shorthand <<
(babel)             in language  on input line 46.
Package babel Info: Redefining spanish shorthand >>
(babel)             in language  on input line 46.
Package babel Info: Redefining spanish shorthand "=
(babel)             in language  on input line 46.
Package babel Info: Redefining spanish shorthand "~
(babel)             in language  on input line 46.
Package babel Info: Redefining spanish shorthand "!
(babel)             in language  on input line 46.
Package babel Info: Redefining spanish shorthand "?
(babel)             in language  on input line 46.
Package babel Info: Redefining spanish shorthand <<
(babel)             in language  on input line 46.
Package babel Info: Redefining spanish shorthand >>
(babel)             in language  on input line 46.
Package babel Info: Redefining spanish shorthand "=
(babel)             in language  on input line 46.
Package babel Info: Redefining spanish shorthand "~
(babel)             in language  on input line 46.
Package babel Info: Redefining spanish shorthand "!
(babel)             in language  on input line 46.
Package babel Info: Redefining spanish shorthand "?
(babel)             in language  on input line 46.
[2 </home/jsebastian-ar/Documentos/Latex_images/Apache2/idocker1.png> </home/js
ebastian-ar/Documentos/Latex_images/Apache2/idocker2.png>]
</home/jsebastian-ar/Documentos/Latex_images/Apache2/idocker3.png, id=51, 246.9
225pt x 407.5225pt>
File: /home/jsebastian-ar/Documentos/Latex_images/Apache2/idocker3.png Graphic 
file (type png)
<use /home/jsebastian-ar/Documentos/Latex_images/Apache2/idocker3.png>
Package pdftex.def Info: /home/jsebastian-ar/Documentos/Latex_images/Apache2/id
ocker3.png  used on input line 49.
(pdftex.def)             Requested size: 172.49792pt x 227.6203pt.
</home/jsebastian-ar/Documentos/Latex_images/Apache2/idocker4.png, id=52, 620.3
175pt x 185.69376pt>
File: /home/jsebastian-ar/Documentos/Latex_images/Apache2/idocker4.png Graphic 
file (type png)
<use /home/jsebastian-ar/Documentos/Latex_images/Apache2/idocker4.png>
Package pdftex.def Info: /home/jsebastian-ar/Documentos/Latex_images/Apache2/id
ocker4.png  used on input line 56.
(pdftex.def)             Requested size: 344.99965pt x 142.26776pt.
Package babel Info: Redefining spanish shorthand <<
(babel)             in language  on input line 60.
Package babel Info: Redefining spanish shorthand >>
(babel)             in language  on input line 60.
Package babel Info: Redefining spanish shorthand "=
(babel)             in language  on input line 60.
Package babel Info: Redefining spanish shorthand "~
(babel)             in language  on input line 60.
Package babel Info: Redefining spanish shorthand "!
(babel)             in language  on input line 60.
Package babel Info: Redefining spanish shorthand "?
(babel)             in language  on input line 60.
Package babel Info: Redefining spanish shorthand <<
(babel)             in language  on input line 60.
Package babel Info: Redefining spanish shorthand >>
(babel)             in language  on input line 60.
Package babel Info: Redefining spanish shorthand "=
(babel)             in language  on input line 60.
Package babel Info: Redefining spanish shorthand "~
(babel)             in language  on input line 60.
Package babel Info: Redefining spanish shorthand "!
(babel)             in language  on input line 60.
Package babel Info: Redefining spanish shorthand "?
(babel)             in language  on input line 60.
 [3 </home/jsebastian-ar/Documentos/Latex_images/Apache2/idocker3.png> </home/j
sebastian-ar/Documentos/Latex_images/Apache2/idocker4.png>]
Underfull \hbox (badness 10000) in paragraph at lines 61--62

 []


Underfull \hbox (badness 10000) in paragraph at lines 63--64

 []


Underfull \hbox (badness 10000) in paragraph at lines 65--66

 []

</home/jsebastian-ar/Documentos/Latex_images/Apache2/idocker5.png, id=59, 757.8
3125pt x 431.6125pt>
File: /home/jsebastian-ar/Documentos/Latex_images/Apache2/idocker5.png Graphic 
file (type png)
<use /home/jsebastian-ar/Documentos/Latex_images/Apache2/idocker5.png>
Package pdftex.def Info: /home/jsebastian-ar/Documentos/Latex_images/Apache2/id
ocker5.png  used on input line 70.
(pdftex.def)             Requested size: 344.99878pt x 170.71228pt.

Underfull \hbox (badness 10000) in paragraph at lines 74--75

 []


Underfull \hbox (badness 10000) in paragraph at lines 76--77

 []


Underfull \hbox (badness 10000) in paragraph at lines 78--79

 []

</home/jsebastian-ar/Documentos/Latex_images/Apache2/idocker6.png, id=60, 817.0
525pt x 115.43124pt>
File: /home/jsebastian-ar/Documentos/Latex_images/Apache2/idocker6.png Graphic 
file (type png)
<use /home/jsebastian-ar/Documentos/Latex_images/Apache2/idocker6.png>
Package pdftex.def Info: /home/jsebastian-ar/Documentos/Latex_images/Apache2/id
ocker6.png  used on input line 81.
(pdftex.def)             Requested size: 341.43924pt x 85.35788pt.
Package babel Info: Redefining spanish shorthand <<
(babel)             in language  on input line 85.
Package babel Info: Redefining spanish shorthand >>
(babel)             in language  on input line 85.
Package babel Info: Redefining spanish shorthand "=
(babel)             in language  on input line 85.
Package babel Info: Redefining spanish shorthand "~
(babel)             in language  on input line 85.
Package babel Info: Redefining spanish shorthand "!
(babel)             in language  on input line 85.
Package babel Info: Redefining spanish shorthand "?
(babel)             in language  on input line 85.
Package babel Info: Redefining spanish shorthand <<
(babel)             in language  on input line 85.
Package babel Info: Redefining spanish shorthand >>
(babel)             in language  on input line 85.
Package babel Info: Redefining spanish shorthand "=
(babel)             in language  on input line 85.
Package babel Info: Redefining spanish shorthand "~
(babel)             in language  on input line 85.
Package babel Info: Redefining spanish shorthand "!
(babel)             in language  on input line 85.
Package babel Info: Redefining spanish shorthand "?
(babel)             in language  on input line 85.
[4 </home/jsebastian-ar/Documentos/Latex_images/Apache2/idocker5.png> </home/js
ebastian-ar/Documentos/Latex_images/Apache2/idocker6.png>]
Underfull \hbox (badness 10000) in paragraph at lines 86--87

 []


Underfull \hbox (badness 10000) in paragraph at lines 90--91

 []

</home/jsebastian-ar/Documentos/Latex_images/Apache2/idocker7.png, id=67, 492.8
4125pt x 495.8525pt>
File: /home/jsebastian-ar/Documentos/Latex_images/Apache2/idocker7.png Graphic 
file (type png)
<use /home/jsebastian-ar/Documentos/Latex_images/Apache2/idocker7.png>
Package pdftex.def Info: /home/jsebastian-ar/Documentos/Latex_images/Apache2/id
ocker7.png  used on input line 95.
(pdftex.def)             Requested size: 142.26604pt x 170.71368pt.
Package babel Info: Redefining spanish shorthand <<
(babel)             in language  on input line 100.
Package babel Info: Redefining spanish shorthand >>
(babel)             in language  on input line 100.
Package babel Info: Redefining spanish shorthand "=
(babel)             in language  on input line 100.
Package babel Info: Redefining spanish shorthand "~
(babel)             in language  on input line 100.
Package babel Info: Redefining spanish shorthand "!
(babel)             in language  on input line 100.
Package babel Info: Redefining spanish shorthand "?
(babel)             in language  on input line 100.
Package babel Info: Redefining spanish shorthand <<
(babel)             in language  on input line 100.
Package babel Info: Redefining spanish shorthand >>
(babel)             in language  on input line 100.
Package babel Info: Redefining spanish shorthand "=
(babel)             in language  on input line 100.
Package babel Info: Redefining spanish shorthand "~
(babel)             in language  on input line 100.
Package babel Info: Redefining spanish shorthand "!
(babel)             in language  on input line 100.
Package babel Info: Redefining spanish shorthand "?
(babel)             in language  on input line 100.
[5 </home/jsebastian-ar/Documentos/Latex_images/Apache2/idocker7.png>]
Package babel Info: Redefining spanish shorthand <<
(babel)             in language  on input line 101.
Package babel Info: Redefining spanish shorthand >>
(babel)             in language  on input line 101.
Package babel Info: Redefining spanish shorthand "=
(babel)             in language  on input line 101.
Package babel Info: Redefining spanish shorthand "~
(babel)             in language  on input line 101.
Package babel Info: Redefining spanish shorthand "!
(babel)             in language  on input line 101.
Package babel Info: Redefining spanish shorthand "?
(babel)             in language  on input line 101.

Overfull \hbox (1.33385pt too wide) in paragraph at lines 102--103
\OT1/cmr/m/n/10 do ser-vi-cio, es ne-ce-sa-rio te-ner los ar-chi-vos de con-fi-
gu-ra-ci^^Son del ser-vi-cio(Apache2),
 []


Underfull \hbox (badness 10000) in paragraph at lines 114--115

 []


Overfull \hbox (2.55554pt too wide) in paragraph at lines 118--119
[]\OT1/cmr/bx/n/10 000-default.conf\OT1/cmr/m/n/10 , ubi-ca-do en la car-pe-ta 
/etc/apache2/sites-available 
 []


Underfull \hbox (badness 10000) in paragraph at lines 120--121

 []

Package babel Info: Redefining spanish shorthand <<
(babel)             in language  on input line 122.
Package babel Info: Redefining spanish shorthand >>
(babel)             in language  on input line 122.
Package babel Info: Redefining spanish shorthand "=
(babel)             in language  on input line 122.
Package babel Info: Redefining spanish shorthand "~
(babel)             in language  on input line 122.
Package babel Info: Redefining spanish shorthand "!
(babel)             in language  on input line 122.
Package babel Info: Redefining spanish shorthand "?
(babel)             in language  on input line 122.
Package babel Info: Redefining spanish shorthand <<
(babel)             in language  on input line 122.
Package babel Info: Redefining spanish shorthand >>
(babel)             in language  on input line 122.
Package babel Info: Redefining spanish shorthand "=
(babel)             in language  on input line 122.
Package babel Info: Redefining spanish shorthand "~
(babel)             in language  on input line 122.
Package babel Info: Redefining spanish shorthand "!
(babel)             in language  on input line 122.
Package babel Info: Redefining spanish shorthand "?
(babel)             in language  on input line 122.
[6]
</home/jsebastian-ar/Documentos/Latex_images/Apache2/conf1.png, id=80, 382.4287
6pt x 586.19pt>
File: /home/jsebastian-ar/Documentos/Latex_images/Apache2/conf1.png Graphic fil
e (type png)
<use /home/jsebastian-ar/Documentos/Latex_images/Apache2/conf1.png>
Package pdftex.def Info: /home/jsebastian-ar/Documentos/Latex_images/Apache2/co
nf1.png  used on input line 126.
(pdftex.def)             Requested size: 170.71419pt x 227.62033pt.

Overfull \hbox (11.63953pt too wide) in paragraph at lines 130--131
[]\OT1/cmr/m/n/10 De es-te mo-do de-fi-ni-mos un Vir-tual-Host pa-ra ca-da uno 
de los si-tios(incluyendo
 []


Underfull \hbox (badness 10000) in paragraph at lines 139--140

 []


Underfull \hbox (badness 10000) in paragraph at lines 141--142

 []

Package babel Info: Redefining spanish shorthand <<
(babel)             in language  on input line 143.
Package babel Info: Redefining spanish shorthand >>
(babel)             in language  on input line 143.
Package babel Info: Redefining spanish shorthand "=
(babel)             in language  on input line 143.
Package babel Info: Redefining spanish shorthand "~
(babel)             in language  on input line 143.
Package babel Info: Redefining spanish shorthand "!
(babel)             in language  on input line 143.
Package babel Info: Redefining spanish shorthand "?
(babel)             in language  on input line 143.
Package babel Info: Redefining spanish shorthand <<
(babel)             in language  on input line 143.
Package babel Info: Redefining spanish shorthand >>
(babel)             in language  on input line 143.
Package babel Info: Redefining spanish shorthand "=
(babel)             in language  on input line 143.
Package babel Info: Redefining spanish shorthand "~
(babel)             in language  on input line 143.
Package babel Info: Redefining spanish shorthand "!
(babel)             in language  on input line 143.
Package babel Info: Redefining spanish shorthand "?
(babel)             in language  on input line 143.
[7 </home/jsebastian-ar/Documentos/Latex_images/Apache2/conf1.png>]
</home/jsebastian-ar/Documentos/Latex_images/Apache2/conf3.png, id=88, 845.1575
pt x 321.2pt>
File: /home/jsebastian-ar/Documentos/Latex_images/Apache2/conf3.png Graphic fil
e (type png)
<use /home/jsebastian-ar/Documentos/Latex_images/Apache2/conf3.png>
Package pdftex.def Info: /home/jsebastian-ar/Documentos/Latex_images/Apache2/co
nf3.png  used on input line 146.
(pdftex.def)             Requested size: 341.43578pt x 113.8087pt.
</home/jsebastian-ar/Documentos/Latex_images/Apache2/conf4.png, id=89, 710.655p
t x 387.4475pt>
File: /home/jsebastian-ar/Documentos/Latex_images/Apache2/conf4.png Graphic fil
e (type png)
<use /home/jsebastian-ar/Documentos/Latex_images/Apache2/conf4.png>
Package pdftex.def Info: /home/jsebastian-ar/Documentos/Latex_images/Apache2/co
nf4.png  used on input line 153.
(pdftex.def)             Requested size: 284.52805pt x 284.53105pt.

Underfull \hbox (badness 10000) in paragraph at lines 157--158

 []


Underfull \hbox (badness 10000) in paragraph at lines 159--160

 []

Package babel Info: Redefining spanish shorthand <<
(babel)             in language  on input line 160.
Package babel Info: Redefining spanish shorthand >>
(babel)             in language  on input line 160.
Package babel Info: Redefining spanish shorthand "=
(babel)             in language  on input line 160.
Package babel Info: Redefining spanish shorthand "~
(babel)             in language  on input line 160.
Package babel Info: Redefining spanish shorthand "!
(babel)             in language  on input line 160.
Package babel Info: Redefining spanish shorthand "?
(babel)             in language  on input line 160.
Package babel Info: Redefining spanish shorthand <<
(babel)             in language  on input line 160.
Package babel Info: Redefining spanish shorthand >>
(babel)             in language  on input line 160.
Package babel Info: Redefining spanish shorthand "=
(babel)             in language  on input line 160.
Package babel Info: Redefining spanish shorthand "~
(babel)             in language  on input line 160.
Package babel Info: Redefining spanish shorthand "!
(babel)             in language  on input line 160.
Package babel Info: Redefining spanish shorthand "?
(babel)             in language  on input line 160.
[8 </home/jsebastian-ar/Documentos/Latex_images/Apache2/conf3.png> </home/jseba
stian-ar/Documentos/Latex_images/Apache2/conf4.png>]
Underfull \hbox (badness 10000) in paragraph at lines 160--161

 []


Underfull \hbox (badness 10000) in paragraph at lines 161--162

 []


Underfull \hbox (badness 10000) in paragraph at lines 162--163

 []


Underfull \hbox (badness 10000) in paragraph at lines 163--164

 []


Underfull \hbox (badness 10000) in paragraph at lines 164--165

 []


Underfull \hbox (badness 10000) in paragraph at lines 166--167

 []


Underfull \hbox (badness 10000) in paragraph at lines 168--169

 []


Underfull \hbox (badness 10000) in paragraph at lines 170--171

 []

Package babel Info: Redefining spanish shorthand <<
(babel)             in language  on input line 171.
Package babel Info: Redefining spanish shorthand >>
(babel)             in language  on input line 171.
Package babel Info: Redefining spanish shorthand "=
(babel)             in language  on input line 171.
Package babel Info: Redefining spanish shorthand "~
(babel)             in language  on input line 171.
Package babel Info: Redefining spanish shorthand "!
(babel)             in language  on input line 171.
Package babel Info: Redefining spanish shorthand "?
(babel)             in language  on input line 171.
Package babel Info: Redefining spanish shorthand <<
(babel)             in language  on input line 171.
Package babel Info: Redefining spanish shorthand >>
(babel)             in language  on input line 171.
Package babel Info: Redefining spanish shorthand "=
(babel)             in language  on input line 171.
Package babel Info: Redefining spanish shorthand "~
(babel)             in language  on input line 171.
Package babel Info: Redefining spanish shorthand "!
(babel)             in language  on input line 171.
Package babel Info: Redefining spanish shorthand "?
(babel)             in language  on input line 171.
[9]
Underfull \hbox (badness 10000) in paragraph at lines 172--173

 []

</home/jsebastian-ar/Documentos/Latex_images/Apache2/cimg1.png, id=106, 620.317
5pt x 36.135pt>
File: /home/jsebastian-ar/Documentos/Latex_images/Apache2/cimg1.png Graphic fil
e (type png)
<use /home/jsebastian-ar/Documentos/Latex_images/Apache2/cimg1.png>
Package pdftex.def Info: /home/jsebastian-ar/Documentos/Latex_images/Apache2/ci
mg1.png  used on input line 180.
(pdftex.def)             Requested size: 341.43124pt x 28.45258pt.

Underfull \hbox (badness 10000) in paragraph at lines 185--186

 []


Underfull \hbox (badness 10000) in paragraph at lines 187--188

 []

</home/jsebastian-ar/Documentos/Latex_images/Apache2/cimg2.png, id=107, 920.438
75pt x 309.155pt>
File: /home/jsebastian-ar/Documentos/Latex_images/Apache2/cimg2.png Graphic fil
e (type png)
<use /home/jsebastian-ar/Documentos/Latex_images/Apache2/cimg2.png>
Package pdftex.def Info: /home/jsebastian-ar/Documentos/Latex_images/Apache2/ci
mg2.png  used on input line 201.
(pdftex.def)             Requested size: 284.53252pt x 113.81004pt.
</home/jsebastian-ar/Documentos/Latex_images/Apache2/cimg3.png, id=108, 365.365
pt x 122.4575pt>
File: /home/jsebastian-ar/Documentos/Latex_images/Apache2/cimg3.png Graphic fil
e (type png)
<use /home/jsebastian-ar/Documentos/Latex_images/Apache2/cimg3.png>
Package pdftex.def Info: /home/jsebastian-ar/Documentos/Latex_images/Apache2/ci
mg3.png  used on input line 203.
(pdftex.def)             Requested size: 284.54312pt x 85.36089pt.
</home/jsebastian-ar/Documentos/Latex_images/Apache2/cimg4.png, id=109, 365.365
pt x 160.6pt>
File: /home/jsebastian-ar/Documentos/Latex_images/Apache2/cimg4.png Graphic fil
e (type png)
<use /home/jsebastian-ar/Documentos/Latex_images/Apache2/cimg4.png>
Package pdftex.def Info: /home/jsebastian-ar/Documentos/Latex_images/Apache2/ci
mg4.png  used on input line 205.
(pdftex.def)             Requested size: 284.54312pt x 85.36018pt.
</home/jsebastian-ar/Documentos/Latex_images/Apache2/cimg5.png, id=110, 511.912
5pt x 346.29375pt>
File: /home/jsebastian-ar/Documentos/Latex_images/Apache2/cimg5.png Graphic fil
e (type png)
<use /home/jsebastian-ar/Documentos/Latex_images/Apache2/cimg5.png>
Package pdftex.def Info: /home/jsebastian-ar/Documentos/Latex_images/Apache2/ci
mg5.png  used on input line 207.
(pdftex.def)             Requested size: 284.5288pt x 170.72108pt.

LaTeX Warning: `!h' float specifier changed to `!ht'.

Package babel Info: Redefining spanish shorthand <<
(babel)             in language  on input line 211.
Package babel Info: Redefining spanish shorthand >>
(babel)             in language  on input line 211.
Package babel Info: Redefining spanish shorthand "=
(babel)             in language  on input line 211.
Package babel Info: Redefining spanish shorthand "~
(babel)             in language  on input line 211.
Package babel Info: Redefining spanish shorthand "!
(babel)             in language  on input line 211.
Package babel Info: Redefining spanish shorthand "?
(babel)             in language  on input line 211.
Package babel Info: Redefining spanish shorthand <<
(babel)             in language  on input line 211.
Package babel Info: Redefining spanish shorthand >>
(babel)             in language  on input line 211.
Package babel Info: Redefining spanish shorthand "=
(babel)             in language  on input line 211.
Package babel Info: Redefining spanish shorthand "~
(babel)             in language  on input line 211.
Package babel Info: Redefining spanish shorthand "!
(babel)             in language  on input line 211.
Package babel Info: Redefining spanish shorthand "?
(babel)             in language  on input line 211.
[10 </home/jsebastian-ar/Documentos/Latex_images/Apache2/cimg1.png>]
Package babel Info: Redefining spanish shorthand <<
(babel)             in language  on input line 211.
Package babel Info: Redefining spanish shorthand >>
(babel)             in language  on input line 211.
Package babel Info: Redefining spanish shorthand "=
(babel)             in language  on input line 211.
Package babel Info: Redefining spanish shorthand "~
(babel)             in language  on input line 211.
Package babel Info: Redefining spanish shorthand "!
(babel)             in language  on input line 211.
Package babel Info: Redefining spanish shorthand "?
(babel)             in language  on input line 211.
Package babel Info: Redefining spanish shorthand <<
(babel)             in language  on input line 211.
Package babel Info: Redefining spanish shorthand >>
(babel)             in language  on input line 211.
Package babel Info: Redefining spanish shorthand "=
(babel)             in language  on input line 211.
Package babel Info: Redefining spanish shorthand "~
(babel)             in language  on input line 211.
Package babel Info: Redefining spanish shorthand "!
(babel)             in language  on input line 211.
Package babel Info: Redefining spanish shorthand "?
(babel)             in language  on input line 211.
 [11 </home/jsebastian-ar/Documentos/Latex_images/Apache2/cimg2.png> </home/jse
bastian-ar/Documentos/Latex_images/Apache2/cimg3.png> </home/jsebastian-ar/Docu
mentos/Latex_images/Apache2/cimg4.png> </home/jsebastian-ar/Documentos/Latex_im
ages/Apache2/cimg5.png>]
Underfull \hbox (badness 10000) in paragraph at lines 213--214

 []

</home/jsebastian-ar/Documentos/Latex_images/Apache2/cimg6.png, id=125, 744.782
5pt x 125.46875pt>
File: /home/jsebastian-ar/Documentos/Latex_images/Apache2/cimg6.png Graphic fil
e (type png)
<use /home/jsebastian-ar/Documentos/Latex_images/Apache2/cimg6.png>
Package pdftex.def Info: /home/jsebastian-ar/Documentos/Latex_images/Apache2/ci
mg6.png  used on input line 218.
(pdftex.def)             Requested size: 341.44493pt x 85.36163pt.
Package babel Info: Redefining spanish shorthand <<
(babel)             in language  on input line 222.
Package babel Info: Redefining spanish shorthand >>
(babel)             in language  on input line 222.
Package babel Info: Redefining spanish shorthand "=
(babel)             in language  on input line 222.
Package babel Info: Redefining spanish shorthand "~
(babel)             in language  on input line 222.
Package babel Info: Redefining spanish shorthand "!
(babel)             in language  on input line 222.
Package babel Info: Redefining spanish shorthand "?
(babel)             in language  on input line 222.
Package babel Info: Redefining spanish shorthand <<
(babel)             in language  on input line 222.
Package babel Info: Redefining spanish shorthand >>
(babel)             in language  on input line 222.
Package babel Info: Redefining spanish shorthand "=
(babel)             in language  on input line 222.
Package babel Info: Redefining spanish shorthand "~
(babel)             in language  on input line 222.
Package babel Info: Redefining spanish shorthand "!
(babel)             in language  on input line 222.
Package babel Info: Redefining spanish shorthand "?
(babel)             in language  on input line 222.
[12

 </home/jsebastian-ar/Documentos/Latex_images/Apache2/cimg6.png>]
Package babel Info: Redefining spanish shorthand <<
(babel)             in language  on input line 223.
Package babel Info: Redefining spanish shorthand >>
(babel)             in language  on input line 223.
Package babel Info: Redefining spanish shorthand "=
(babel)             in language  on input line 223.
Package babel Info: Redefining spanish shorthand "~
(babel)             in language  on input line 223.
Package babel Info: Redefining spanish shorthand "!
(babel)             in language  on input line 223.
Package babel Info: Redefining spanish shorthand "?
(babel)             in language  on input line 223.

Underfull \hbox (badness 10000) in paragraph at lines 237--238

 []


Underfull \hbox (badness 10000) in paragraph at lines 239--240

 []


Underfull \hbox (badness 10000) in paragraph at lines 241--242

 []

Package babel Info: Redefining spanish shorthand <<
(babel)             in language  on input line 249.
Package babel Info: Redefining spanish shorthand >>
(babel)             in language  on input line 249.
Package babel Info: Redefining spanish shorthand "=
(babel)             in language  on input line 249.
Package babel Info: Redefining spanish shorthand "~
(babel)             in language  on input line 249.
Package babel Info: Redefining spanish shorthand "!
(babel)             in language  on input line 249.
Package babel Info: Redefining spanish shorthand "?
(babel)             in language  on input line 249.
Package babel Info: Redefining spanish shorthand <<
(babel)             in language  on input line 249.
Package babel Info: Redefining spanish shorthand >>
(babel)             in language  on input line 249.
Package babel Info: Redefining spanish shorthand "=
(babel)             in language  on input line 249.
Package babel Info: Redefining spanish shorthand "~
(babel)             in language  on input line 249.
Package babel Info: Redefining spanish shorthand "!
(babel)             in language  on input line 249.
Package babel Info: Redefining spanish shorthand "?
(babel)             in language  on input line 249.
[13]
Underfull \hbox (badness 10000) in paragraph at lines 255--256

 []


Underfull \hbox (badness 10000) in paragraph at lines 259--260

 []


Underfull \hbox (badness 10000) in paragraph at lines 263--264

 []


Underfull \hbox (badness 10000) in paragraph at lines 265--266

 []


Underfull \hbox (badness 10000) in paragraph at lines 268--269

 []

</home/jsebastian-ar/Documentos/Latex_images/Apache2/net1.png, id=136, 775.8987
4pt x 161.60374pt>
File: /home/jsebastian-ar/Documentos/Latex_images/Apache2/net1.png Graphic file
 (type png)
<use /home/jsebastian-ar/Documentos/Latex_images/Apache2/net1.png>
Package pdftex.def Info: /home/jsebastian-ar/Documentos/Latex_images/Apache2/ne
t1.png  used on input line 271.
(pdftex.def)             Requested size: 341.43202pt x 85.3586pt.
Package babel Info: Redefining spanish shorthand <<
(babel)             in language  on input line 275.
Package babel Info: Redefining spanish shorthand >>
(babel)             in language  on input line 275.
Package babel Info: Redefining spanish shorthand "=
(babel)             in language  on input line 275.
Package babel Info: Redefining spanish shorthand "~
(babel)             in language  on input line 275.
Package babel Info: Redefining spanish shorthand "!
(babel)             in language  on input line 275.
Package babel Info: Redefining spanish shorthand "?
(babel)             in language  on input line 275.
Package babel Info: Redefining spanish shorthand <<
(babel)             in language  on input line 275.
Package babel Info: Redefining spanish shorthand >>
(babel)             in language  on input line 275.
Package babel Info: Redefining spanish shorthand "=
(babel)             in language  on input line 275.
Package babel Info: Redefining spanish shorthand "~
(babel)             in language  on input line 275.
Package babel Info: Redefining spanish shorthand "!
(babel)             in language  on input line 275.
Package babel Info: Redefining spanish shorthand "?
(babel)             in language  on input line 275.
[14 </home/jsebastian-ar/Documentos/Latex_images/Apache2/net1.png>]
Package babel Info: Redefining spanish shorthand <<
(babel)             in language  on input line 276.
Package babel Info: Redefining spanish shorthand >>
(babel)             in language  on input line 276.
Package babel Info: Redefining spanish shorthand "=
(babel)             in language  on input line 276.
Package babel Info: Redefining spanish shorthand "~
(babel)             in language  on input line 276.
Package babel Info: Redefining spanish shorthand "!
(babel)             in language  on input line 276.
Package babel Info: Redefining spanish shorthand "?
(babel)             in language  on input line 276.

Underfull \hbox (badness 10000) in paragraph at lines 278--279

 []


Overfull \hbox (4.79358pt too wide) in paragraph at lines 280--281
[]\OT1/cmr/bx/n/10 $ su-do doc-ker run --name na-me[]container --network net-wo
rk[]name
 []


Underfull \hbox (badness 10000) in paragraph at lines 280--281

 []


Underfull \hbox (badness 10000) in paragraph at lines 282--283

 []


Underfull \hbox (badness 10000) in paragraph at lines 292--293

 []

</home/jsebastian-ar/Documentos/Latex_images/Apache2/net2.png, id=145, 1217.548
75pt x 57.21375pt>
File: /home/jsebastian-ar/Documentos/Latex_images/Apache2/net2.png Graphic file
 (type png)
<use /home/jsebastian-ar/Documentos/Latex_images/Apache2/net2.png>
Package pdftex.def Info: /home/jsebastian-ar/Documentos/Latex_images/Apache2/ne
t2.png  used on input line 295.
(pdftex.def)             Requested size: 426.7801pt x 42.68059pt.

Overfull \hbox (81.7801pt too wide) in paragraph at lines 295--296
[][] 
 []

Package babel Info: Redefining spanish shorthand <<
(babel)             in language  on input line 301.
Package babel Info: Redefining spanish shorthand >>
(babel)             in language  on input line 301.
Package babel Info: Redefining spanish shorthand "=
(babel)             in language  on input line 301.
Package babel Info: Redefining spanish shorthand "~
(babel)             in language  on input line 301.
Package babel Info: Redefining spanish shorthand "!
(babel)             in language  on input line 301.
Package babel Info: Redefining spanish shorthand "?
(babel)             in language  on input line 301.
Package babel Info: Redefining spanish shorthand <<
(babel)             in language  on input line 301.
Package babel Info: Redefining spanish shorthand >>
(babel)             in language  on input line 301.
Package babel Info: Redefining spanish shorthand "=
(babel)             in language  on input line 301.
Package babel Info: Redefining spanish shorthand "~
(babel)             in language  on input line 301.
Package babel Info: Redefining spanish shorthand "!
(babel)             in language  on input line 301.
Package babel Info: Redefining spanish shorthand "?
(babel)             in language  on input line 301.
[15

 </home/jsebastian-ar/Documentos/Latex_images/Apache2/net2.png>]
Underfull \hbox (badness 10000) in paragraph at lines 302--303

 []

</home/jsebastian-ar/Documentos/Latex_images/Apache2/net3.png, id=151, 1114.162
5pt x 92.345pt>
File: /home/jsebastian-ar/Documentos/Latex_images/Apache2/net3.png Graphic file
 (type png)
<use /home/jsebastian-ar/Documentos/Latex_images/Apache2/net3.png>
Package pdftex.def Info: /home/jsebastian-ar/Documentos/Latex_images/Apache2/ne
t3.png  used on input line 308.
(pdftex.def)             Requested size: 341.42564pt x 56.90526pt.

Underfull \hbox (badness 10000) in paragraph at lines 312--313

 []

</home/jsebastian-ar/Documentos/Latex_images/Apache2/net4.png, id=152, 581.1712
5pt x 294.09875pt>
File: /home/jsebastian-ar/Documentos/Latex_images/Apache2/net4.png Graphic file
 (type png)
<use /home/jsebastian-ar/Documentos/Latex_images/Apache2/net4.png>
Package pdftex.def Info: /home/jsebastian-ar/Documentos/Latex_images/Apache2/ne
t4.png  used on input line 315.
(pdftex.def)             Requested size: 227.62248pt x 170.71649pt.
Package babel Info: Redefining spanish shorthand <<
(babel)             in language  on input line 320.
Package babel Info: Redefining spanish shorthand >>
(babel)             in language  on input line 320.
Package babel Info: Redefining spanish shorthand "=
(babel)             in language  on input line 320.
Package babel Info: Redefining spanish shorthand "~
(babel)             in language  on input line 320.
Package babel Info: Redefining spanish shorthand "!
(babel)             in language  on input line 320.
Package babel Info: Redefining spanish shorthand "?
(babel)             in language  on input line 320.
Package babel Info: Redefining spanish shorthand <<
(babel)             in language  on input line 320.
Package babel Info: Redefining spanish shorthand >>
(babel)             in language  on input line 320.
Package babel Info: Redefining spanish shorthand "=
(babel)             in language  on input line 320.
Package babel Info: Redefining spanish shorthand "~
(babel)             in language  on input line 320.
Package babel Info: Redefining spanish shorthand "!
(babel)             in language  on input line 320.
Package babel Info: Redefining spanish shorthand "?
(babel)             in language  on input line 320.
[16

 </home/jsebastian-ar/Documentos/Latex_images/Apache2/net3.png> </home/jsebasti
an-ar/Documentos/Latex_images/Apache2/net4.png>]
Package babel Info: Redefining spanish shorthand <<
(babel)             in language  on input line 321.
Package babel Info: Redefining spanish shorthand >>
(babel)             in language  on input line 321.
Package babel Info: Redefining spanish shorthand "=
(babel)             in language  on input line 321.
Package babel Info: Redefining spanish shorthand "~
(babel)             in language  on input line 321.
Package babel Info: Redefining spanish shorthand "!
(babel)             in language  on input line 321.
Package babel Info: Redefining spanish shorthand "?
(babel)             in language  on input line 321.

Underfull \hbox (badness 10000) in paragraph at lines 322--323

 []

</home/jsebastian-ar/Documentos/Latex_images/Apache2/net5.png, id=158, 960.5887
5pt x 55.20625pt>
File: /home/jsebastian-ar/Documentos/Latex_images/Apache2/net5.png Graphic file
 (type png)
<use /home/jsebastian-ar/Documentos/Latex_images/Apache2/net5.png>
Package pdftex.def Info: /home/jsebastian-ar/Documentos/Latex_images/Apache2/ne
t5.png  used on input line 336.
(pdftex.def)             Requested size: 426.79373pt x 28.453pt.

Overfull \hbox (81.79373pt too wide) in paragraph at lines 336--338
 [][] 
 []

</home/jsebastian-ar/Documentos/Latex_images/Apache2/net6.png, id=159, 584.1825
pt x 555.07375pt>
File: /home/jsebastian-ar/Documentos/Latex_images/Apache2/net6.png Graphic file
 (type png)
<use /home/jsebastian-ar/Documentos/Latex_images/Apache2/net6.png>
Package pdftex.def Info: /home/jsebastian-ar/Documentos/Latex_images/Apache2/ne
t6.png  used on input line 343.
(pdftex.def)             Requested size: 256.07838pt x 199.16574pt.
Package babel Info: Redefining spanish shorthand <<
(babel)             in language  on input line 347.
Package babel Info: Redefining spanish shorthand >>
(babel)             in language  on input line 347.
Package babel Info: Redefining spanish shorthand "=
(babel)             in language  on input line 347.
Package babel Info: Redefining spanish shorthand "~
(babel)             in language  on input line 347.
Package babel Info: Redefining spanish shorthand "!
(babel)             in language  on input line 347.
Package babel Info: Redefining spanish shorthand "?
(babel)             in language  on input line 347.
Package babel Info: Redefining spanish shorthand <<
(babel)             in language  on input line 347.
Package babel Info: Redefining spanish shorthand >>
(babel)             in language  on input line 347.
Package babel Info: Redefining spanish shorthand "=
(babel)             in language  on input line 347.
Package babel Info: Redefining spanish shorthand "~
(babel)             in language  on input line 347.
Package babel Info: Redefining spanish shorthand "!
(babel)             in language  on input line 347.
Package babel Info: Redefining spanish shorthand "?
(babel)             in language  on input line 347.
[17

 </home/jsebastian-ar/Documentos/Latex_images/Apache2/net5.png> </home/jsebasti
an-ar/Documentos/Latex_images/Apache2/net6.png>]
Package babel Info: Redefining spanish shorthand <<
(babel)             in language  on input line 348.
Package babel Info: Redefining spanish shorthand >>
(babel)             in language  on input line 348.
Package babel Info: Redefining spanish shorthand "=
(babel)             in language  on input line 348.
Package babel Info: Redefining spanish shorthand "~
(babel)             in language  on input line 348.
Package babel Info: Redefining spanish shorthand "!
(babel)             in language  on input line 348.
Package babel Info: Redefining spanish shorthand "?
(babel)             in language  on input line 348.

Underfull \hbox (badness 10000) in paragraph at lines 349--350

 []

</home/jsebastian-ar/Documentos/Latex_images/Apache2/test1.png, id=165, 981.667
5pt x 697.60625pt>
File: /home/jsebastian-ar/Documentos/Latex_images/Apache2/test1.png Graphic fil
e (type png)
<use /home/jsebastian-ar/Documentos/Latex_images/Apache2/test1.png>
Package pdftex.def Info: /home/jsebastian-ar/Documentos/Latex_images/Apache2/te
st1.png  used on input line 353.
(pdftex.def)             Requested size: 426.78226pt x 426.79524pt.

Overfull \hbox (81.78226pt too wide) in paragraph at lines 353--354
[][] 
 []

Package babel Info: Redefining spanish shorthand <<
(babel)             in language  on input line 356.
Package babel Info: Redefining spanish shorthand >>
(babel)             in language  on input line 356.
Package babel Info: Redefining spanish shorthand "=
(babel)             in language  on input line 356.
Package babel Info: Redefining spanish shorthand "~
(babel)             in language  on input line 356.
Package babel Info: Redefining spanish shorthand "!
(babel)             in language  on input line 356.
Package babel Info: Redefining spanish shorthand "?
(babel)             in language  on input line 356.
Package babel Info: Redefining spanish shorthand <<
(babel)             in language  on input line 356.
Package babel Info: Redefining spanish shorthand >>
(babel)             in language  on input line 356.
Package babel Info: Redefining spanish shorthand "=
(babel)             in language  on input line 356.
Package babel Info: Redefining spanish shorthand "~
(babel)             in language  on input line 356.
Package babel Info: Redefining spanish shorthand "!
(babel)             in language  on input line 356.
Package babel Info: Redefining spanish shorthand "?
(babel)             in language  on input line 356.
[18

 </home/jsebastian-ar/Documentos/Latex_images/Apache2/test1.png>]
</home/jsebastian-ar/Documentos/Latex_images/Apache2/test2.png, id=170, 1005.75
75pt x 147.55125pt>
File: /home/jsebastian-ar/Documentos/Latex_images/Apache2/test2.png Graphic fil
e (type png)
<use /home/jsebastian-ar/Documentos/Latex_images/Apache2/test2.png>
Package pdftex.def Info: /home/jsebastian-ar/Documentos/Latex_images/Apache2/te
st2.png  used on input line 360.
(pdftex.def)             Requested size: 426.78905pt x 56.90533pt.

Overfull \hbox (81.78905pt too wide) in paragraph at lines 360--361
[][] 
 []

Package babel Info: Redefining spanish shorthand <<
(babel)             in language  on input line 363.
Package babel Info: Redefining spanish shorthand >>
(babel)             in language  on input line 363.
Package babel Info: Redefining spanish shorthand "=
(babel)             in language  on input line 363.
Package babel Info: Redefining spanish shorthand "~
(babel)             in language  on input line 363.
Package babel Info: Redefining spanish shorthand "!
(babel)             in language  on input line 363.
Package babel Info: Redefining spanish shorthand "?
(babel)             in language  on input line 363.
Package babel Info: Redefining spanish shorthand <<
(babel)             in language  on input line 363.
Package babel Info: Redefining spanish shorthand >>
(babel)             in language  on input line 363.
Package babel Info: Redefining spanish shorthand "=
(babel)             in language  on input line 363.
Package babel Info: Redefining spanish shorthand "~
(babel)             in language  on input line 363.
Package babel Info: Redefining spanish shorthand "!
(babel)             in language  on input line 363.
Package babel Info: Redefining spanish shorthand "?
(babel)             in language  on input line 363.
[19

 </home/jsebastian-ar/Documentos/Latex_images/Apache2/test2.png>]
</home/jsebastian-ar/Documentos/Latex_images/Apache2/test3.png, id=176, 1153.30
875pt x 728.7225pt>
File: /home/jsebastian-ar/Documentos/Latex_images/Apache2/test3.png Graphic fil
e (type png)
<use /home/jsebastian-ar/Documentos/Latex_images/Apache2/test3.png>
Package pdftex.def Info: /home/jsebastian-ar/Documentos/Latex_images/Apache2/te
st3.png  used on input line 367.
(pdftex.def)             Requested size: 426.78795pt x 426.78464pt.

Overfull \hbox (81.78795pt too wide) in paragraph at lines 367--368
[][] 
 []

Package babel Info: Redefining spanish shorthand <<
(babel)             in language  on input line 370.
Package babel Info: Redefining spanish shorthand >>
(babel)             in language  on input line 370.
Package babel Info: Redefining spanish shorthand "=
(babel)             in language  on input line 370.
Package babel Info: Redefining spanish shorthand "~
(babel)             in language  on input line 370.
Package babel Info: Redefining spanish shorthand "!
(babel)             in language  on input line 370.
Package babel Info: Redefining spanish shorthand "?
(babel)             in language  on input line 370.
Package babel Info: Redefining spanish shorthand <<
(babel)             in language  on input line 370.
Package babel Info: Redefining spanish shorthand >>
(babel)             in language  on input line 370.
Package babel Info: Redefining spanish shorthand "=
(babel)             in language  on input line 370.
Package babel Info: Redefining spanish shorthand "~
(babel)             in language  on input line 370.
Package babel Info: Redefining spanish shorthand "!
(babel)             in language  on input line 370.
Package babel Info: Redefining spanish shorthand "?
(babel)             in language  on input line 370.
[20

 </home/jsebastian-ar/Documentos/Latex_images/Apache2/test3.png>]
</home/jsebastian-ar/Documentos/Latex_images/Apache2/test4.png, id=181, 916.423
75pt x 726.715pt>
File: /home/jsebastian-ar/Documentos/Latex_images/Apache2/test4.png Graphic fil
e (type png)
<use /home/jsebastian-ar/Documentos/Latex_images/Apache2/test4.png>
Package pdftex.def Info: /home/jsebastian-ar/Documentos/Latex_images/Apache2/te
st4.png  used on input line 374.
(pdftex.def)             Requested size: 426.78987pt x 426.79541pt.

Overfull \hbox (81.78987pt too wide) in paragraph at lines 374--375
[][] 
 []

Package babel Info: Redefining spanish shorthand <<
(babel)             in language  on input line 377.
Package babel Info: Redefining spanish shorthand >>
(babel)             in language  on input line 377.
Package babel Info: Redefining spanish shorthand "=
(babel)             in language  on input line 377.
Package babel Info: Redefining spanish shorthand "~
(babel)             in language  on input line 377.
Package babel Info: Redefining spanish shorthand "!
(babel)             in language  on input line 377.
Package babel Info: Redefining spanish shorthand "?
(babel)             in language  on input line 377.
Package babel Info: Redefining spanish shorthand <<
(babel)             in language  on input line 377.
Package babel Info: Redefining spanish shorthand >>
(babel)             in language  on input line 377.
Package babel Info: Redefining spanish shorthand "=
(babel)             in language  on input line 377.
Package babel Info: Redefining spanish shorthand "~
(babel)             in language  on input line 377.
Package babel Info: Redefining spanish shorthand "!
(babel)             in language  on input line 377.
Package babel Info: Redefining spanish shorthand "?
(babel)             in language  on input line 377.
[21

 </home/jsebastian-ar/Documentos/Latex_images/Apache2/test4.png>]
Package atveryend Info: Empty hook `BeforeClearDocument' on input line 379.
Package atveryend Info: Empty hook `AfterLastShipout' on input line 379.

(./Apache Docker.aux
LaTeX Info: Redefining \. on input line 24.
LaTeX Info: Redefining \% on input line 24.
)
Package atveryend Info: Executing hook `AtVeryEndDocument' on input line 379.
Package atveryend Info: Executing hook `AtEndAfterFileList' on input line 379.
Package rerunfilecheck Info: File `"Apache Docker".out' has not changed.
(rerunfilecheck)             Checksum: 9512A812CB82DACA70AFA36E0AECAF92;460.
Package atveryend Info: Empty hook `AtVeryVeryEnd' on input line 379.
 ) 
Here is how much of TeX's memory you used:
 6868 strings out of 492982
 106335 string characters out of 6134895
 194218 words of memory out of 5000000
 10278 multiletter control sequences out of 15000+600000
 8102 words of font info for 29 fonts, out of 8000000 for 9000
 1141 hyphenation exceptions out of 8191
 30i,7n,37p,799b,522s stack positions out of 5000i,500n,10000p,200000b,80000s
</usr/share/texlive/texmf-dist/fonts/type1/public/amsfonts/cm/cmbx10.pfb></us
r/share/texlive/texmf-dist/fonts/type1/public/amsfonts/cm/cmbx12.pfb></usr/shar
e/texlive/texmf-dist/fonts/type1/public/amsfonts/cm/cmr10.pfb></usr/share/texli
ve/texmf-dist/fonts/type1/public/amsfonts/cm/cmr12.pfb></usr/share/texlive/texm
f-dist/fonts/type1/public/amsfonts/cm/cmr17.pfb></usr/share/texlive/texmf-dist/
fonts/type1/public/amsfonts/cm/cmsy10.pfb></usr/share/texlive/texmf-dist/fonts/
type1/public/amsfonts/cm/cmti10.pfb></usr/share/texlive/texmf-dist/fonts/type1/
public/amsfonts/cm/cmtt10.pfb>
Output written on "Apache Docker.pdf" (21 pages, 1384501 bytes).
PDF statistics:
 228 PDF objects out of 1000 (max. 8388607)
 169 compressed objects within 2 object streams
 59 named destinations out of 1000 (max. 500000)
 187 words of extra memory for PDF output out of 10000 (max. 10000000)

